# JRE version: OpenJDK Runtime Environment Temurin-17.0.17+10 (17.0.17+10) (build 17.0.17+10)
# Java VM: OpenJDK 64-Bit Server VM Temurin-17.0.17+10 (17.0.17+10, mixed mode, sharing, tiered, compressed oops, compressed class ptrs, g1 gc, windows-amd64)
GC Precious Log:
 CPUs: 12 total, 12 available
 Memory: 15697M
 Large Page Support: Disabled
 NUMA Support: Disabled
 Compressed Oops: Enabled (32-bit)
 Heap Region Size: 1M
 Heap Min Capacity: 8M
 Heap Initial Capacity: 246M
 Heap Max Capacity: 1536M
 Pre-touch: Disabled
 Parallel Workers: 10
 Concurrent Workers: 3
 Concurrent Refinement Workers: 10
 Periodic GC: Disabled
Heap:
 garbage-first heap   total 367616K, used 273169K [0x00000000a0000000, 0x0000000100000000)
  region size 1024K, 1 young (1024K), 1 survivors (1024K)
 Metaspace       used 109468K, committed 110400K, reserved 1179648K
  class space    used 14941K, committed 15424K, reserved 1048576K
GC Heap History (20 events):
Event: 27.921 GC heap after
{Heap after GC invocations=56 (full 0):
 garbage-first heap   total 225280K, used 126623K [0x00000000a0000000, 0x0000000100000000)
  region size 1024K, 6 young (6144K), 6 survivors (6144K)
 Metaspace       used 104600K, committed 105472K, reserved 1179648K
  class space    used 14283K, committed 14720K, reserved 1048576K
}
Event: 28.913 GC heap before
{Heap before GC invocations=56 (full 0):
 garbage-first heap   total 225280K, used 186015K [0x00000000a0000000, 0x0000000100000000)
  region size 1024K, 65 young (66560K), 6 survivors (6144K)
 Metaspace       used 105438K, committed 106368K, reserved 1179648K
  class space    used 14384K, committed 14848K, reserved 1048576K
}
Event: 28.919 GC heap after
{Heap after GC invocations=57 (full 0):
 garbage-first heap   total 225280K, used 129501K [0x00000000a0000000, 0x0000000100000000)
  region size 1024K, 4 young (4096K), 4 survivors (4096K)
 Metaspace       used 105438K, committed 106368K, reserved 1179648K
  class space    used 14384K, committed 14848K, reserved 1048576K
}
Event: 29.626 GC heap before
{Heap before GC invocations=57 (full 0):
 garbage-first heap   total 225280K, used 187869K [0x00000000a0000000, 0x0000000100000000)
  region size 1024K, 61 young (62464K), 4 survivors (4096K)
 Metaspace       used 105646K, committed 106624K, reserved 1179648K
  class space    used 14408K, committed 14912K, reserved 1048576K
}
Event: 29.631 GC heap after
{Heap after GC invocations=58 (full 0):
 garbage-first heap   total 225280K, used 131382K [0x00000000a0000000, 0x0000000100000000)
  region size 1024K, 5 young (5120K), 5 survivors (5120K)
 Metaspace       used 105646K, committed 106624K, reserved 1179648K
  class space    used 14408K, committed 14912K, reserved 1048576K
}
Event: 31.028 GC heap before
{Heap before GC invocations=59 (full 0):
 garbage-first heap   total 256000K, used 241974K [0x00000000a0000000, 0x0000000100000000)
  region size 1024K, 60 young (61440K), 5 survivors (5120K)
 Metaspace       used 106166K, committed 107136K, reserved 1179648K
  class space    used 14459K, committed 14976K, reserved 1048576K
}
Event: 31.036 GC heap after
{Heap after GC invocations=60 (full 0):
 garbage-first heap   total 261120K, used 199417K [0x00000000a0000000, 0x0000000100000000)
  region size 1024K, 8 young (8192K), 8 survivors (8192K)
 Metaspace       used 106166K, committed 107136K, reserved 1179648K
  class space    used 14459K, committed 14976K, reserved 1048576K
}
Event: 31.081 GC heap before
{Heap before GC invocations=60 (full 0):
 garbage-first heap   total 261120K, used 214777K [0x00000000a0000000, 0x0000000100000000)
  region size 1024K, 12 young (12288K), 8 survivors (8192K)
 Metaspace       used 106376K, committed 107328K, reserved 1179648K
  class space    used 14490K, committed 14976K, reserved 1048576K
}
Event: 31.085 GC heap after
{Heap after GC invocations=61 (full 0):
 garbage-first heap   total 261120K, used 210841K [0x00000000a0000000, 0x0000000100000000)
  region size 1024K, 2 young (2048K), 2 survivors (2048K)
 Metaspace       used 106376K, committed 107328K, reserved 1179648K
  class space    used 14490K, committed 14976K, reserved 1048576K
}
Event: 31.182 GC heap before
{Heap before GC invocations=61 (full 0):
 garbage-first heap   total 261120K, used 221081K [0x00000000a0000000, 0x0000000100000000)
  region size 1024K, 13 young (13312K), 2 survivors (2048K)
 Metaspace       used 107440K, committed 108352K, reserved 1179648K
  class space    used 14635K, committed 15104K, reserved 1048576K
}
Event: 31.184 GC heap after
{Heap after GC invocations=62 (full 0):
 garbage-first heap   total 261120K, used 211243K [0x00000000a0000000, 0x0000000100000000)
  region size 1024K, 1 young (1024K), 1 survivors (1024K)
 Metaspace       used 107440K, committed 108352K, reserved 1179648K
  class space    used 14635K, committed 15104K, reserved 1048576K
}
Event: 31.292 GC heap before
{Heap before GC invocations=62 (full 0):
 garbage-first heap   total 261120K, used 222507K [0x00000000a0000000, 0x0000000100000000)
  region size 1024K, 13 young (13312K), 1 survivors (1024K)
 Metaspace       used 108566K, committed 109504K, reserved 1179648K
  class space    used 14797K, committed 15296K, reserved 1048576K
}
Event: 31.295 GC heap after
{Heap after GC invocations=63 (full 0):
 garbage-first heap   total 261120K, used 211743K [0x00000000a0000000, 0x0000000100000000)
  region size 1024K, 2 young (2048K), 2 survivors (2048K)
 Metaspace       used 108566K, committed 109504K, reserved 1179648K
  class space    used 14797K, committed 15296K, reserved 1048576K
}
Event: 31.439 GC heap before
{Heap before GC invocations=64 (full 0):
 garbage-first heap   total 367616K, used 226079K [0x00000000a0000000, 0x0000000100000000)
  region size 1024K, 15 young (15360K), 2 survivors (2048K)
 Metaspace       used 109395K, committed 110336K, reserved 1179648K
  class space    used 14930K, committed 15424K, reserved 1048576K
}
Event: 31.442 GC heap after
{Heap after GC invocations=65 (full 0):
 garbage-first heap   total 367616K, used 213152K [0x00000000a0000000, 0x0000000100000000)
  region size 1024K, 2 young (2048K), 2 survivors (2048K)
 Metaspace       used 109395K, committed 110336K, reserved 1179648K
  class space    used 14930K, committed 15424K, reserved 1048576K
}
Event: 31.472 GC heap before
{Heap before GC invocations=65 (full 0):
 garbage-first heap   total 367616K, used 259232K [0x00000000a0000000, 0x0000000100000000)
  region size 1024K, 17 young (17408K), 2 survivors (2048K)
 Metaspace       used 109467K, committed 110400K, reserved 1179648K
  class space    used 14941K, committed 15424K, reserved 1048576K
}
Event: 31.476 GC heap after
{Heap after GC invocations=66 (full 0):
 garbage-first heap   total 367616K, used 229336K [0x00000000a0000000, 0x0000000100000000)
  region size 1024K, 3 young (3072K), 3 survivors (3072K)
 Metaspace       used 109467K, committed 110400K, reserved 1179648K
  class space    used 14941K, committed 15424K, reserved 1048576K
}
Event: 31.534 GC heap before
{Heap before GC invocations=66 (full 0):
 garbage-first heap   total 367616K, used 323544K [0x00000000a0000000, 0x0000000100000000)
  region size 1024K, 15 young (15360K), 3 survivors (3072K)
 Metaspace       used 109468K, committed 110400K, reserved 1179648K
  class space    used 14941K, committed 15424K, reserved 1048576K
}
Event: 31.538 GC heap after
{Heap after GC invocations=67 (full 0):
 garbage-first heap   total 367616K, used 271058K [0x00000000a0000000, 0x0000000100000000)
  region size 1024K, 7 young (7168K), 7 survivors (7168K)
 Metaspace       used 109468K, committed 110400K, reserved 1179648K
  class space    used 14941K, committed 15424K, reserved 1048576K
}
Event: 31.539 GC heap before
{Heap before GC invocations=67 (full 0):
 garbage-first heap   total 367616K, used 273106K [0x00000000a0000000, 0x0000000100000000)
  region size 1024K, 8 young (8192K), 7 survivors (7168K)
 Metaspace       used 109468K, committed 110400K, reserved 1179648K
  class space    used 14941K, committed 15424K, reserved 1048576K
}

