# JRE version: OpenJDK Runtime Environment Temurin-17.0.17+10 (17.0.17+10) (build 17.0.17+10)
# Java VM: OpenJDK 64-Bit Server VM Temurin-17.0.17+10 (17.0.17+10, mixed mode, sharing, tiered, compressed oops, compressed class ptrs, g1 gc, windows-amd64)
GC Precious Log:
 CPUs: 12 total, 12 available
 Memory: 15697M
 Large Page Support: Disabled
 NUMA Support: Disabled
 Compressed Oops: Enabled (32-bit)
 Heap Region Size: 1M
 Heap Min Capacity: 8M
 Heap Initial Capacity: 246M
 Heap Max Capacity: 2G
 Pre-touch: Disabled
 Parallel Workers: 10
 Concurrent Workers: 3
 Concurrent Refinement Workers: 10
 Periodic GC: Disabled
Heap:
 garbage-first heap   total 403456K, used 377065K [0x0000000080000000, 0x0000000100000000)
  region size 1024K, 18 young (18432K), 1 survivors (1024K)
 Metaspace       used 102959K, committed 103936K, reserved 1179648K
  class space    used 14391K, committed 14912K, reserved 1048576K
GC Heap History (20 events):
Event: 21.930 GC heap before
{Heap before GC invocations=55 (full 0):
 garbage-first heap   total 186368K, used 155221K [0x0000000080000000, 0x0000000100000000)
  region size 1024K, 47 young (48128K), 3 survivors (3072K)
 Metaspace       used 94295K, committed 95168K, reserved 1179648K
  class space    used 13306K, committed 13760K, reserved 1048576K
}
Event: 21.936 GC heap after
{Heap after GC invocations=56 (full 0):
 garbage-first heap   total 186368K, used 114124K [0x0000000080000000, 0x0000000100000000)
  region size 1024K, 6 young (6144K), 6 survivors (6144K)
 Metaspace       used 94295K, committed 95168K, reserved 1179648K
  class space    used 13306K, committed 13760K, reserved 1048576K
}
Event: 22.489 GC heap before
{Heap before GC invocations=56 (full 0):
 garbage-first heap   total 186368K, used 155084K [0x0000000080000000, 0x0000000100000000)
  region size 1024K, 47 young (48128K), 6 survivors (6144K)
 Metaspace       used 94388K, committed 95232K, reserved 1179648K
  class space    used 13316K, committed 13760K, reserved 1048576K
}
Event: 22.494 GC heap after
{Heap after GC invocations=57 (full 0):
 garbage-first heap   total 186368K, used 116113K [0x0000000080000000, 0x0000000100000000)
  region size 1024K, 5 young (5120K), 5 survivors (5120K)
 Metaspace       used 94388K, committed 95232K, reserved 1179648K
  class space    used 13316K, committed 13760K, reserved 1048576K
}
Event: 22.998 GC heap before
{Heap before GC invocations=58 (full 0):
 garbage-first heap   total 201728K, used 156049K [0x0000000080000000, 0x0000000100000000)
  region size 1024K, 45 young (46080K), 5 survivors (5120K)
 Metaspace       used 94835K, committed 95680K, reserved 1179648K
  class space    used 13391K, committed 13824K, reserved 1048576K
}
Event: 23.008 GC heap after
{Heap after GC invocations=59 (full 0):
 garbage-first heap   total 201728K, used 126043K [0x0000000080000000, 0x0000000100000000)
  region size 1024K, 6 young (6144K), 6 survivors (6144K)
 Metaspace       used 94835K, committed 95680K, reserved 1179648K
  class space    used 13391K, committed 13824K, reserved 1048576K
}
Event: 23.015 GC heap before
{Heap before GC invocations=59 (full 0):
 garbage-first heap   total 201728K, used 129115K [0x0000000080000000, 0x0000000100000000)
  region size 1024K, 9 young (9216K), 6 survivors (6144K)
 Metaspace       used 94835K, committed 95680K, reserved 1179648K
  class space    used 13391K, committed 13824K, reserved 1048576K
}
Event: 23.021 GC heap after
{Heap after GC invocations=60 (full 0):
 garbage-first heap   total 201728K, used 128416K [0x0000000080000000, 0x0000000100000000)
  region size 1024K, 2 young (2048K), 2 survivors (2048K)
 Metaspace       used 94835K, committed 95680K, reserved 1179648K
  class space    used 13391K, committed 13824K, reserved 1048576K
}
Event: 23.464 GC heap before
{Heap before GC invocations=60 (full 0):
 garbage-first heap   total 201728K, used 164256K [0x0000000080000000, 0x0000000100000000)
  region size 1024K, 37 young (37888K), 2 survivors (2048K)
 Metaspace       used 95516K, committed 96384K, reserved 1179648K
  class space    used 13468K, committed 13888K, reserved 1048576K
}
Event: 23.474 GC heap after
{Heap after GC invocations=61 (full 0):
 garbage-first heap   total 201728K, used 140203K [0x0000000080000000, 0x0000000100000000)
  region size 1024K, 5 young (5120K), 5 survivors (5120K)
 Metaspace       used 95516K, committed 96384K, reserved 1179648K
  class space    used 13468K, committed 13888K, reserved 1048576K
}
Event: 23.775 GC heap before
{Heap before GC invocations=61 (full 0):
 garbage-first heap   total 201728K, used 163755K [0x0000000080000000, 0x0000000100000000)
  region size 1024K, 29 young (29696K), 5 survivors (5120K)
 Metaspace       used 97208K, committed 98048K, reserved 1179648K
  class space    used 13655K, committed 14080K, reserved 1048576K
}
Event: 23.783 GC heap after
{Heap after GC invocations=62 (full 0):
 garbage-first heap   total 403456K, used 143690K [0x0000000080000000, 0x0000000100000000)
  region size 1024K, 3 young (3072K), 3 survivors (3072K)
 Metaspace       used 97208K, committed 98048K, reserved 1179648K
  class space    used 13655K, committed 14080K, reserved 1048576K
}
Event: 28.279 GC heap before
{Heap before GC invocations=62 (full 0):
 garbage-first heap   total 403456K, used 344394K [0x0000000080000000, 0x0000000100000000)
  region size 1024K, 139 young (142336K), 3 survivors (3072K)
 Metaspace       used 99605K, committed 100544K, reserved 1179648K
  class space    used 13904K, committed 14400K, reserved 1048576K
}
Event: 28.291 GC heap after
{Heap after GC invocations=63 (full 0):
 garbage-first heap   total 403456K, used 216266K [0x0000000080000000, 0x0000000100000000)
  region size 1024K, 17 young (17408K), 17 survivors (17408K)
 Metaspace       used 99605K, committed 100544K, reserved 1179648K
  class space    used 13904K, committed 14400K, reserved 1048576K
}
Event: 28.689 GC heap before
{Heap before GC invocations=63 (full 0):
 garbage-first heap   total 403456K, used 293066K [0x0000000080000000, 0x0000000100000000)
  region size 1024K, 53 young (54272K), 17 survivors (17408K)
 Metaspace       used 102770K, committed 103680K, reserved 1179648K
  class space    used 14361K, committed 14848K, reserved 1048576K
}
Event: 28.699 GC heap after
{Heap after GC invocations=64 (full 0):
 garbage-first heap   total 403456K, used 245424K [0x0000000080000000, 0x0000000100000000)
  region size 1024K, 6 young (6144K), 6 survivors (6144K)
 Metaspace       used 102770K, committed 103680K, reserved 1179648K
  class space    used 14361K, committed 14848K, reserved 1048576K
}
Event: 28.720 GC heap before
{Heap before GC invocations=64 (full 0):
 garbage-first heap   total 403456K, used 292528K [0x0000000080000000, 0x0000000100000000)
  region size 1024K, 20 young (20480K), 6 survivors (6144K)
 Metaspace       used 102771K, committed 103680K, reserved 1179648K
  class space    used 14361K, committed 14848K, reserved 1048576K
}
Event: 28.725 GC heap after
{Heap after GC invocations=65 (full 0):
 garbage-first heap   total 403456K, used 278140K [0x0000000080000000, 0x0000000100000000)
  region size 1024K, 7 young (7168K), 7 survivors (7168K)
 Metaspace       used 102771K, committed 103680K, reserved 1179648K
  class space    used 14361K, committed 14848K, reserved 1048576K
}
Event: 28.735 GC heap before
{Heap before GC invocations=65 (full 0):
 garbage-first heap   total 403456K, used 295548K [0x0000000080000000, 0x0000000100000000)
  region size 1024K, 8 young (8192K), 7 survivors (7168K)
 Metaspace       used 102771K, committed 103680K, reserved 1179648K
  class space    used 14361K, committed 14848K, reserved 1048576K
}
Event: 28.738 GC heap after
{Heap after GC invocations=66 (full 0):
 garbage-first heap   total 403456K, used 295145K [0x0000000080000000, 0x0000000100000000)
  region size 1024K, 1 young (1024K), 1 survivors (1024K)
 Metaspace       used 102771K, committed 103680K, reserved 1179648K
  class space    used 14361K, committed 14848K, reserved 1048576K
}

